2024-03-21 19:33:43 [INFO ] driverFrameworkCore.utils.ListenerLogMessages - Test STARTED: normalHatosLottoTest
2024-03-21 19:33:51 [INFO ] szerencsejatek.common.homeAndLogin.pages.HomePage - We click on the "Osszes engedelyezese" button
2024-03-21 19:34:01 [INFO ] szerencsejatek.common.homeAndLogin.pages.HomePage - We click on the "Belepes es regisztracio" button
2024-03-21 19:34:01 [INFO ] szerencsejatek.common.homeAndLogin.pages.LoginPage - We fill the name input field with the 'Szabolcs888'
2024-03-21 19:34:02 [INFO ] szerencsejatek.common.homeAndLogin.pages.LoginPage - We fill the password input field with the password
2024-03-21 19:34:02 [INFO ] szerencsejatek.common.homeAndLogin.pages.LoginPage - We click on the "Bejelentkezes" button
2024-03-21 19:34:05 [INFO ] szerencsejatek.lotto.tests.HatosLottoTests - We check if the dropdown menu is available
2024-03-21 19:34:06 [INFO ] szerencsejatek.common.homeAndLogin.pages.HomePageLoggedin - We try to click on middle button but it is not clickable
2024-03-21 19:34:12 [INFO ] szerencsejatek.common.homeAndLogin.pages.HomePageLoggedin - We select another number
2024-03-21 19:34:13 [INFO ] szerencsejatek.common.homeAndLogin.pages.HomePageLoggedin - We try to select another number
2024-03-21 19:34:16 [INFO ] szerencsejatek.common.homeAndLogin.pages.HomePageLoggedin - We click on the middle submit button
2024-03-21 19:34:17 [INFO ] szerencsejatek.lotto.tests.HatosLottoTests - We check if the Hatoslotto page is loaded
2024-03-21 19:34:18 [INFO ] szerencsejatek.lotto.pages.HatosLottoPage - We click on the 'TORLES' button
2024-03-21 19:34:21 [INFO ] szerencsejatek.lotto.pages.HatosLottoPage - We click on the 'TORLES' button
2024-03-21 19:34:22 [INFO ] szerencsejatek.lotto.tests.HatosLottoTests - We check whether the number of selected numbers is zero
2024-03-21 19:34:25 [INFO ] szerencsejatek.lotto.pages.HatosLottoPage - We click on "KOSARBA" button
2024-03-21 19:34:26 [INFO ] szerencsejatek.lotto.pages.HatosLottoPage - We click on the 'BEZARAS' button
2024-03-21 19:34:30 [INFO ] szerencsejatek.lotto.pages.HatosLottoPage - We select five numbers
2024-03-21 19:34:34 [INFO ] szerencsejatek.lotto.pages.HatosLottoPage - We click on "KOSARBA" button
2024-03-21 19:34:34 [INFO ] szerencsejatek.lotto.pages.HatosLottoPage - We click on the 'BEZARAS' button
2024-03-21 19:34:38 [INFO ] szerencsejatek.lotto.pages.HatosLottoPage - We select another number
2024-03-21 19:34:38 [INFO ] szerencsejatek.lotto.pages.HatosLottoPage - We try to select another number
2024-03-21 19:34:38 [INFO ] szerencsejatek.lotto.tests.HatosLottoTests - We check that 6 numbers are selected
2024-03-21 19:34:41 [INFO ] szerencsejatek.lotto.pages.HatosLottoPage - We click on "KOSARBA" button
2024-03-21 19:34:46 [INFO ] szerencsejatek.common.cart.pages.CartPage - We check if the cart page is loaded
2024-03-21 19:34:46 [INFO ] szerencsejatek.lotto.tests.HatosLottoTests - We check if the Cart page is loaded
2024-03-21 19:34:47 [INFO ] szerencsejatek.common.cart.pages.CartPage - We check if the cart page is loaded
2024-03-21 19:34:47 [INFO ] driverFrameworkCore.utils.ListenerLogMessages - Test PASSED: normalHatosLottoTest
2024-03-21 19:35:23 [INFO ] driverFrameworkCore.utils.ListenerLogMessages - Test STARTED: scratchTest
2024-03-21 19:35:32 [INFO ] szerencsejatek.common.homeAndLogin.pages.HomePage - We click on the "Osszes engedelyezese" button
2024-03-21 19:35:44 [INFO ] szerencsejatek.common.homeAndLogin.pages.HomePage - We click on the "Belepes es regisztracio" button
2024-03-21 19:35:44 [INFO ] szerencsejatek.common.homeAndLogin.pages.LoginPage - We fill the name input field with the 'Szabolcs888'
2024-03-21 19:35:45 [INFO ] szerencsejatek.common.homeAndLogin.pages.LoginPage - We fill the password input field with the password
2024-03-21 19:35:45 [INFO ] szerencsejatek.common.homeAndLogin.pages.LoginPage - We click on the "Bejelentkezes" button
2024-03-21 19:35:50 [INFO ] szerencsejatek.common.homeAndLogin.pages.HomePageLoggedin - We click on the "SORSJEGYEK" button
2024-03-21 19:35:59 [INFO ] szerencsejatek.common.homeAndLogin.pages.HomePageLoggedin - We click on the "E-sorsjegy" button
2024-03-21 19:36:05 [INFO ] szerencsejatek.sorsjegyek.pages.ESorsjegyekPage - We click on the "Reszletek" button of the 'Black Jack' E-lottery ticket
2024-03-21 19:36:11 [INFO ] szerencsejatek.sorsjegyek.pages.BlackJackPrePage - We click on the "PROBAJATEK INDITASA" option button
2024-03-21 19:36:12 [INFO ] szerencsejatek.sorsjegyek.pages.BlackJackPage - We click on the "key" button
2024-03-21 19:36:15 [INFO ] szerencsejatek.sorsjegyek.pages.BlackJackPage - We scroll down to the lottery ticket
2024-03-21 19:36:53 [INFO ] szerencsejatek.sorsjegyek.pages.BlackJackPage - We scratch off the main field on the lottery ticket
2024-03-21 19:37:13 [INFO ] szerencsejatek.sorsjegyek.pages.BlackJackPage - We scratch off the side field on the lottery ticket
2024-03-21 19:37:16 [INFO ] szerencsejatek.sorsjegyek.pages.BlackJackPage - We click on the "Mutasd!" button
2024-03-21 19:37:17 [INFO ] szerencsejatek.sorsjegyek.pages.BlackJackPage - The message text is valid
2024-03-21 19:37:17 [INFO ] szerencsejatek.sorsjegyek.tests.ScratchTests - The TES-T72 PASSED
2024-03-21 19:37:17 [INFO ] driverFrameworkCore.utils.ListenerLogMessages - Test PASSED: scratchTest
2024-03-21 21:51:07 [INFO ] driverFrameworkCore.utils.ListenerLogMessages - Test STARTED: loginWithValidUsernameAndLeavedThePasswordFieldEmpty
2024-03-21 21:51:26 [INFO ] szerencsejatek.common.homeAndLogin.pages.HomePage - We click on the "Osszes engedelyezese" button
2024-03-21 21:52:06 [INFO ] szerencsejatek.common.homeAndLogin.pages.HomePage - We click on the "Belepes es regisztracio" button
2024-03-21 21:52:07 [INFO ] szerencsejatek.common.homeAndLogin.pages.LoginPage - We fill the name input field with the 'Szabolcs888'
2024-03-21 21:52:07 [INFO ] szerencsejatek.common.homeAndLogin.pages.LoginPage - We fill the password input field with the password
2024-03-21 21:52:07 [INFO ] szerencsejatek.common.homeAndLogin.pages.LoginPage - We click on the "Bejelentkezes" button
2024-03-21 21:52:07 [INFO ] szerencsejatek.common.homeAndLogin.pages.LoginPage - The error message is displayed: "A jelszo mezo ures."
2024-03-21 21:52:07 [ERROR] szerencsejatek.common.homeAndLogin.tests.LoginTests - The error message is correct.
2024-03-21 21:53:07 [INFO ] szerencsejatek.common.homeAndLogin.pages.LoginPage - The error message is displayed: "A jelszo mezo ures."
2024-03-21 21:53:07 [INFO ] driverFrameworkCore.utils.ListenerLogMessages - Test PASSED: loginWithValidUsernameAndLeavedThePasswordFieldEmpty
2024-03-21 21:53:42 [INFO ] driverFrameworkCore.utils.ListenerLogMessages - Test STARTED: loginWithLeavedTheUsernameFieldEmptyAndValidPassword
2024-03-21 21:54:00 [INFO ] szerencsejatek.common.homeAndLogin.pages.HomePage - We click on the "Osszes engedelyezese" button
2024-03-21 21:54:46 [INFO ] szerencsejatek.common.homeAndLogin.pages.HomePage - We click on the "Belepes es regisztracio" button
2024-03-21 21:54:46 [INFO ] szerencsejatek.common.homeAndLogin.pages.LoginPage - We fill the name input field with the ''
2024-03-21 21:54:46 [INFO ] szerencsejatek.common.homeAndLogin.pages.LoginPage - We fill the password input field with the password
2024-03-21 21:54:46 [INFO ] szerencsejatek.common.homeAndLogin.pages.LoginPage - We click on the "Bejelentkezes" button
2024-03-21 21:55:46 [ERROR] driverFrameworkCore.utils.ListenerLogMessages - Method FAILED: loginWithLeavedTheUsernameFieldEmptyAndValidPassword
2024-03-21 21:56:18 [INFO ] driverFrameworkCore.utils.ListenerLogMessages - Test STARTED: loginWithLeavedTheUsernameFieldEmptyAndValidPassword
2024-03-21 21:56:39 [INFO ] szerencsejatek.common.homeAndLogin.pages.HomePage - We click on the "Osszes engedelyezese" button
2024-03-21 21:57:39 [ERROR] driverFrameworkCore.utils.ListenerLogMessages - Method FAILED: loginWithLeavedTheUsernameFieldEmptyAndValidPassword
2024-03-21 21:57:57 [INFO ] driverFrameworkCore.utils.ListenerLogMessages - Test STARTED: loginWithLeavedTheUsernameFieldEmptyAndValidPassword
2024-03-21 21:58:02 [INFO ] szerencsejatek.common.homeAndLogin.pages.HomePage - We click on the "Osszes engedelyezese" button
2024-03-21 21:58:08 [INFO ] szerencsejatek.common.homeAndLogin.pages.HomePage - We click on the "Belepes es regisztracio" button
2024-03-21 21:58:08 [INFO ] szerencsejatek.common.homeAndLogin.pages.LoginPage - We fill the name input field with the ''
2024-03-21 21:58:08 [INFO ] szerencsejatek.common.homeAndLogin.pages.LoginPage - We fill the password input field with the password
2024-03-21 21:58:08 [INFO ] szerencsejatek.common.homeAndLogin.pages.LoginPage - We click on the "Bejelentkezes" button
2024-03-21 21:58:08 [INFO ] szerencsejatek.common.homeAndLogin.pages.LoginPage - The error message is displayed: "A felhasznalonev tul rovid."
2024-03-21 21:58:08 [ERROR] szerencsejatek.common.homeAndLogin.tests.LoginTests - The error message is correct.
2024-03-21 21:59:08 [INFO ] szerencsejatek.common.homeAndLogin.pages.LoginPage - The error message is displayed: "A felhasznalonev tul rovid."
2024-03-21 21:59:08 [INFO ] driverFrameworkCore.utils.ListenerLogMessages - Test PASSED: loginWithLeavedTheUsernameFieldEmptyAndValidPassword
2024-03-21 22:15:17 [INFO ] szerencsejatek.common.homeAndLogin.pages.HomePage - We click on the "Osszes engedelyezese" button
2024-03-21 22:15:23 [INFO ] szerencsejatek.common.homeAndLogin.pages.HomePage - We click on the "Belepes es regisztracio" button
2024-03-21 22:15:23 [INFO ] szerencsejatek.common.homeAndLogin.pages.LoginPage - We fill the name input field with the 'Szabolcs888'
2024-03-21 22:15:23 [INFO ] szerencsejatek.common.homeAndLogin.pages.LoginPage - We fill the password input field with the password
2024-03-21 22:15:24 [INFO ] szerencsejatek.common.homeAndLogin.pages.LoginPage - We click on the "Bejelentkezes" button
2024-03-21 22:16:50 [INFO ] driverFrameworkCore.utils.ListenerLogMessages - Test STARTED: navigateToESorsjegyekPageInLoginTest
2024-03-21 22:16:55 [INFO ] szerencsejatek.common.homeAndLogin.pages.HomePage - We click on the "Osszes engedelyezese" button
2024-03-21 22:17:01 [INFO ] szerencsejatek.common.homeAndLogin.pages.HomePage - We click on the "Belepes es regisztracio" button
2024-03-21 22:17:01 [INFO ] szerencsejatek.common.homeAndLogin.pages.LoginPage - We fill the name input field with the 'Szabolcs888'
2024-03-21 22:17:01 [INFO ] szerencsejatek.common.homeAndLogin.pages.LoginPage - We fill the password input field with the password
2024-03-21 22:17:01 [INFO ] szerencsejatek.common.homeAndLogin.pages.LoginPage - We click on the "Bejelentkezes" button
2024-03-21 22:17:07 [INFO ] szerencsejatek.common.homeAndLogin.pages.HomePageLoggedin - We click on the "SORSJEGYEK" button
2024-03-21 22:17:10 [INFO ] szerencsejatek.common.homeAndLogin.pages.HomePageLoggedin - We click on the "E-sorsjegy" button
2024-03-21 22:17:10 [INFO ] driverFrameworkCore.utils.ListenerLogMessages - Test PASSED: navigateToESorsjegyekPageInLoginTest
2024-03-21 22:17:57 [INFO ] driverFrameworkCore.utils.ListenerLogMessages - Test STARTED: navigateToESorsjegyekPageWithoutLoginTest
2024-03-21 22:17:57 [INFO ] szerencsejatek.sorsjegyek.tests.SorsjegyekBasicTests - The TES-T80 starts
2024-03-21 22:18:02 [INFO ] szerencsejatek.common.homeAndLogin.pages.HomePage - We click on the "Osszes engedelyezese" button
2024-03-21 22:18:07 [INFO ] szerencsejatek.common.homeAndLogin.pages.HomePageLoggedin - We click on the "SORSJEGYEK" button
2024-03-21 22:18:14 [INFO ] szerencsejatek.common.homeAndLogin.pages.HomePageLoggedin - We click on the "E-sorsjegy" button
2024-03-21 22:18:14 [INFO ] driverFrameworkCore.utils.ListenerLogMessages - Test PASSED: navigateToESorsjegyekPageWithoutLoginTest
2024-03-21 22:22:28 [INFO ] driverFrameworkCore.utils.ListenerLogMessages - Test STARTED: navigateToESorsjegyekPageInLoginTest
2024-03-21 22:22:33 [INFO ] szerencsejatek.common.homeAndLogin.pages.HomePage - We click on the "Osszes engedelyezese" button
2024-03-21 22:22:39 [INFO ] szerencsejatek.common.homeAndLogin.pages.HomePage - We click on the "Belepes es regisztracio" button
2024-03-21 22:22:39 [INFO ] szerencsejatek.common.homeAndLogin.pages.LoginPage - We fill the name input field with the 'Szabolcs888'
2024-03-21 22:22:39 [INFO ] szerencsejatek.common.homeAndLogin.pages.LoginPage - We fill the password input field with the password
2024-03-21 22:22:39 [INFO ] szerencsejatek.common.homeAndLogin.pages.LoginPage - We click on the "Bejelentkezes" button
2024-03-21 22:22:45 [INFO ] szerencsejatek.common.homeAndLogin.pages.HomePageLoggedin - We click on the "SORSJEGYEK" button
2024-03-21 22:22:49 [INFO ] szerencsejatek.common.homeAndLogin.pages.HomePageLoggedin - We click on the "E-sorsjegy" button
2024-03-21 22:22:49 [INFO ] driverFrameworkCore.utils.ListenerLogMessages - Test PASSED: navigateToESorsjegyekPageInLoginTest
2024-03-21 22:23:37 [INFO ] driverFrameworkCore.utils.ListenerLogMessages - Test STARTED: navigateToESorsjegyekPageWithoutLoginTest
2024-03-21 22:23:37 [INFO ] szerencsejatek.sorsjegyek.tests.SorsjegyekBasicTests - The TES-T80 starts
2024-03-21 22:23:42 [INFO ] szerencsejatek.common.homeAndLogin.pages.HomePage - We click on the "Osszes engedelyezese" button
2024-03-21 22:26:56 [INFO ] driverFrameworkCore.utils.ListenerLogMessages - Test STARTED: navigateToESorsjegyekPageInLoginTest
2024-03-21 22:27:02 [INFO ] szerencsejatek.common.homeAndLogin.pages.HomePage - We click on the "Osszes engedelyezese" button
2024-03-21 22:27:08 [INFO ] szerencsejatek.common.homeAndLogin.pages.HomePage - We click on the "Belepes es regisztracio" button
2024-03-21 22:27:08 [INFO ] szerencsejatek.common.homeAndLogin.pages.LoginPage - We fill the name input field with the 'Szabolcs888'
2024-03-21 22:27:08 [INFO ] szerencsejatek.common.homeAndLogin.pages.LoginPage - We fill the password input field with the password
2024-03-21 22:27:08 [INFO ] szerencsejatek.common.homeAndLogin.pages.LoginPage - We click on the "Bejelentkezes" button
2024-03-21 22:27:14 [INFO ] szerencsejatek.common.homeAndLogin.pages.HomePageLoggedin - We click on the "SORSJEGYEK" button
2024-03-21 22:27:17 [INFO ] szerencsejatek.common.homeAndLogin.pages.HomePageLoggedin - We click on the "E-sorsjegy" button
2024-03-21 22:27:17 [INFO ] szerencsejatek.sorsjegyek.tests.SorsjegyekBasicTests - The title of the E-sorsjegyek page is displayed
2024-03-21 22:27:17 [INFO ] driverFrameworkCore.utils.ListenerLogMessages - Test PASSED: navigateToESorsjegyekPageInLoginTest
2024-03-21 22:28:46 [INFO ] driverFrameworkCore.utils.ListenerLogMessages - Test STARTED: navigateToESorsjegyekPageWithoutLoginTest
2024-03-21 22:28:46 [INFO ] szerencsejatek.sorsjegyek.tests.SorsjegyekBasicTests - The TES-T80 starts
2024-03-21 22:28:51 [INFO ] szerencsejatek.common.homeAndLogin.pages.HomePage - We click on the "Osszes engedelyezese" button
2024-03-21 22:28:56 [INFO ] szerencsejatek.common.homeAndLogin.pages.HomePageLoggedin - We click on the "SORSJEGYEK" button
2024-03-21 22:29:25 [INFO ] driverFrameworkCore.utils.ListenerLogMessages - Test STARTED: navigateToESorsjegyekPageWithoutLoginTest
2024-03-21 22:29:31 [INFO ] szerencsejatek.common.homeAndLogin.pages.HomePage - We click on the "Osszes engedelyezese" button
2024-03-21 22:29:36 [INFO ] szerencsejatek.common.homeAndLogin.pages.HomePageLoggedin - We click on the "SORSJEGYEK" button
2024-03-21 22:29:42 [INFO ] szerencsejatek.common.homeAndLogin.pages.HomePageLoggedin - We click on the "E-sorsjegy" button
2024-03-21 22:29:42 [INFO ] szerencsejatek.sorsjegyek.tests.SorsjegyekBasicTests - The title of the E-sorsjegyek page is displayed
2024-03-21 22:29:43 [INFO ] driverFrameworkCore.utils.ListenerLogMessages - Test PASSED: navigateToESorsjegyekPageWithoutLoginTest
2024-03-21 22:30:09 [INFO ] driverFrameworkCore.utils.ListenerLogMessages - Test STARTED: navigateToSorsjegyekPageInLoginTest
2024-03-21 22:30:15 [INFO ] szerencsejatek.common.homeAndLogin.pages.HomePage - We click on the "Osszes engedelyezese" button
2024-03-21 22:30:41 [INFO ] szerencsejatek.common.homeAndLogin.pages.HomePage - We click on the "Belepes es regisztracio" button
2024-03-21 22:30:41 [INFO ] szerencsejatek.common.homeAndLogin.pages.LoginPage - We fill the name input field with the 'Szabolcs888'
2024-03-21 22:30:41 [INFO ] szerencsejatek.common.homeAndLogin.pages.LoginPage - We fill the password input field with the password
2024-03-21 22:30:42 [INFO ] szerencsejatek.common.homeAndLogin.pages.LoginPage - We click on the "Bejelentkezes" button
2024-03-21 22:30:47 [INFO ] szerencsejatek.common.homeAndLogin.pages.HomePageLoggedin - We click on the "SORSJEGYEK" button
2024-03-21 22:30:51 [INFO ] szerencsejatek.common.homeAndLogin.pages.HomePageLoggedin - We click on the "Sorsjegy" button
2024-03-21 22:30:51 [INFO ] szerencsejatek.sorsjegyek.pages.SorsjegyekPage - The "SORSJEGYEK" page is displayed
2024-03-21 22:30:52 [INFO ] szerencsejatek.sorsjegyek.tests.SorsjegyekBasicTests - The title of the Sorsjegyek page is displayed
2024-03-21 22:30:52 [INFO ] szerencsejatek.sorsjegyek.pages.SorsjegyekPage - The "SORSJEGYEK" page is displayed
2024-03-21 22:30:52 [INFO ] driverFrameworkCore.utils.ListenerLogMessages - Test PASSED: navigateToSorsjegyekPageInLoginTest
2024-03-21 22:32:36 [INFO ] driverFrameworkCore.utils.ListenerLogMessages - Test STARTED: navigateToSorsjegyekPageWithoutLoginTest
2024-03-21 22:32:41 [INFO ] szerencsejatek.common.homeAndLogin.pages.HomePage - We click on the "Osszes engedelyezese" button
2024-03-21 22:32:47 [INFO ] szerencsejatek.common.homeAndLogin.pages.HomePageLoggedin - We click on the "SORSJEGYEK" button
2024-03-21 22:32:53 [INFO ] szerencsejatek.common.homeAndLogin.pages.HomePageLoggedin - We click on the "Sorsjegy" button
2024-03-21 22:32:53 [INFO ] szerencsejatek.sorsjegyek.pages.SorsjegyekPage - The "SORSJEGYEK" page is displayed
2024-03-21 22:32:53 [ERROR] szerencsejatek.sorsjegyek.tests.SorsjegyekBasicTests - The title of the Sorsjegyek page is not displayed
2024-03-21 22:32:53 [INFO ] szerencsejatek.sorsjegyek.pages.SorsjegyekPage - The "SORSJEGYEK" page is displayed
2024-03-21 22:32:53 [INFO ] driverFrameworkCore.utils.ListenerLogMessages - Test PASSED: navigateToSorsjegyekPageWithoutLoginTest
2024-03-21 22:33:20 [INFO ] driverFrameworkCore.utils.ListenerLogMessages - Test STARTED: navigateToESorsjegyekPageInLoginTest
2024-03-21 22:33:26 [INFO ] szerencsejatek.common.homeAndLogin.pages.HomePage - We click on the "Osszes engedelyezese" button
2024-03-21 22:33:31 [INFO ] szerencsejatek.common.homeAndLogin.pages.HomePage - We click on the "Belepes es regisztracio" button
2024-03-21 22:33:31 [INFO ] szerencsejatek.common.homeAndLogin.pages.LoginPage - We fill the name input field with the 'Szabolcs888'
2024-03-21 22:33:31 [INFO ] szerencsejatek.common.homeAndLogin.pages.LoginPage - We fill the password input field with the password
2024-03-21 22:33:32 [INFO ] szerencsejatek.common.homeAndLogin.pages.LoginPage - We click on the "Bejelentkezes" button
2024-03-21 22:33:37 [INFO ] szerencsejatek.common.homeAndLogin.pages.HomePageLoggedin - We click on the "SORSJEGYEK" button
2024-03-21 22:33:41 [INFO ] szerencsejatek.common.homeAndLogin.pages.HomePageLoggedin - We click on the "E-sorsjegy" button
2024-03-21 22:33:41 [INFO ] szerencsejatek.sorsjegyek.tests.SorsjegyekBasicTests - The title of the E-sorsjegyek page is displayed
2024-03-21 22:33:41 [INFO ] driverFrameworkCore.utils.ListenerLogMessages - Test PASSED: navigateToESorsjegyekPageInLoginTest
2024-03-21 22:35:17 [INFO ] driverFrameworkCore.utils.ListenerLogMessages - Test STARTED: navigateToESorsjegyekPageInLoginTest
2024-03-21 22:35:22 [INFO ] szerencsejatek.common.homeAndLogin.pages.HomePage - We click on the "Osszes engedelyezese" button
2024-03-21 22:35:28 [INFO ] szerencsejatek.common.homeAndLogin.pages.HomePage - We click on the "Belepes es regisztracio" button
2024-03-21 22:35:28 [INFO ] szerencsejatek.common.homeAndLogin.pages.LoginPage - We fill the name input field with the 'Szabolcs888'
2024-03-21 22:35:28 [INFO ] szerencsejatek.common.homeAndLogin.pages.LoginPage - We fill the password input field with the password
2024-03-21 22:35:28 [INFO ] szerencsejatek.common.homeAndLogin.pages.LoginPage - We click on the "Bejelentkezes" button
2024-03-21 22:35:34 [INFO ] szerencsejatek.common.homeAndLogin.pages.HomePageLoggedin - We click on the "SORSJEGYEK" button
2024-03-21 22:35:38 [INFO ] szerencsejatek.common.homeAndLogin.pages.HomePageLoggedin - We click on the "E-sorsjegy" button
2024-03-21 22:35:38 [INFO ] szerencsejatek.sorsjegyek.tests.SorsjegyekBasicTests - The title of the E-sorsjegyek page is displayed
2024-03-21 22:35:38 [INFO ] driverFrameworkCore.utils.ListenerLogMessages - Test PASSED: navigateToESorsjegyekPageInLoginTest
2024-03-21 22:36:01 [INFO ] driverFrameworkCore.utils.ListenerLogMessages - Test STARTED: scratchTest
2024-03-21 22:36:06 [INFO ] szerencsejatek.common.homeAndLogin.pages.HomePage - We click on the "Osszes engedelyezese" button
2024-03-21 22:36:17 [INFO ] szerencsejatek.common.homeAndLogin.pages.HomePage - We click on the "Belepes es regisztracio" button
2024-03-21 22:36:17 [INFO ] szerencsejatek.common.homeAndLogin.pages.LoginPage - We fill the name input field with the 'Szabolcs888'
2024-03-21 22:36:17 [INFO ] szerencsejatek.common.homeAndLogin.pages.LoginPage - We fill the password input field with the password
2024-03-21 22:36:17 [INFO ] szerencsejatek.common.homeAndLogin.pages.LoginPage - We click on the "Bejelentkezes" button
2024-03-21 22:36:23 [INFO ] szerencsejatek.common.homeAndLogin.pages.HomePageLoggedin - We click on the "SORSJEGYEK" button
2024-03-21 22:36:27 [INFO ] szerencsejatek.common.homeAndLogin.pages.HomePageLoggedin - We click on the "E-sorsjegy" button
2024-03-21 22:36:30 [INFO ] szerencsejatek.sorsjegyek.pages.ESorsjegyekPage - We click on the "Reszletek" button of the 'Black Jack' E-lottery ticket
2024-03-21 22:36:33 [INFO ] szerencsejatek.sorsjegyek.pages.BlackJackPrePage - We click on the "PROBAJATEK INDITASA" option button
2024-03-21 22:36:34 [INFO ] szerencsejatek.sorsjegyek.pages.BlackJackPage - We click on the "key" button
2024-03-21 22:36:37 [INFO ] szerencsejatek.sorsjegyek.pages.BlackJackPage - We scroll down to the lottery ticket
2024-03-21 22:37:09 [INFO ] szerencsejatek.sorsjegyek.pages.BlackJackPage - We scratch off the main field on the lottery ticket
2024-03-21 22:37:26 [INFO ] szerencsejatek.sorsjegyek.pages.BlackJackPage - We scratch off the side field on the lottery ticket
2024-03-21 22:37:28 [INFO ] szerencsejatek.sorsjegyek.pages.BlackJackPage - We click on the "Mutasd!" button
2024-03-21 22:37:30 [INFO ] szerencsejatek.sorsjegyek.pages.BlackJackPage - The message text is valid
2024-03-21 22:37:30 [INFO ] szerencsejatek.sorsjegyek.tests.ScratchTests - The message text is valid
2024-03-21 22:37:30 [INFO ] driverFrameworkCore.utils.ListenerLogMessages - Test PASSED: scratchTest
2024-03-21 22:40:40 [INFO ] driverFrameworkCore.utils.ListenerLogMessages - Test STARTED: scratchTest
2024-03-21 22:40:46 [INFO ] szerencsejatek.common.homeAndLogin.pages.HomePage - We click on the "Osszes engedelyezese" button
2024-03-21 22:41:14 [INFO ] szerencsejatek.common.homeAndLogin.pages.HomePage - We click on the "Belepes es regisztracio" button
2024-03-21 22:41:14 [INFO ] szerencsejatek.common.homeAndLogin.pages.LoginPage - We fill the name input field with the 'Szabolcs888'
2024-03-21 22:41:14 [INFO ] szerencsejatek.common.homeAndLogin.pages.LoginPage - We fill the password input field with the password
2024-03-21 22:41:14 [INFO ] szerencsejatek.common.homeAndLogin.pages.LoginPage - We click on the "Bejelentkezes" button
2024-03-21 22:41:20 [INFO ] szerencsejatek.common.homeAndLogin.pages.HomePageLoggedin - We click on the "SORSJEGYEK" button
2024-03-21 22:41:23 [INFO ] szerencsejatek.common.homeAndLogin.pages.HomePageLoggedin - We click on the "E-sorsjegy" button
2024-03-21 22:41:26 [INFO ] szerencsejatek.sorsjegyek.pages.ESorsjegyekPage - We click on the "Reszletek" button of the 'Black Jack' E-lottery ticket
2024-03-21 22:41:29 [INFO ] szerencsejatek.sorsjegyek.pages.BlackJackPrePage - We click on the "PROBAJATEK INDITASA" option button
2024-03-21 22:41:29 [INFO ] szerencsejatek.sorsjegyek.pages.BlackJackPage - We click on the "key" button
2024-03-21 22:41:32 [INFO ] szerencsejatek.sorsjegyek.pages.BlackJackPage - We scroll down to the lottery ticket
2024-03-21 22:42:05 [INFO ] szerencsejatek.sorsjegyek.pages.BlackJackPage - We scratch off the main field on the lottery ticket
2024-03-21 22:42:22 [INFO ] szerencsejatek.sorsjegyek.pages.BlackJackPage - We scratch off the side field on the lottery ticket
2024-03-21 22:42:24 [INFO ] szerencsejatek.sorsjegyek.pages.BlackJackPage - We click on the "Mutasd!" button
2024-03-21 22:42:26 [INFO ] szerencsejatek.sorsjegyek.tests.ScratchTests - The message text is valid
2024-03-21 22:42:26 [INFO ] driverFrameworkCore.utils.ListenerLogMessages - Test PASSED: scratchTest
2024-03-21 22:44:13 [INFO ] driverFrameworkCore.utils.ListenerLogMessages - Test STARTED: scratchTest
2024-03-21 22:44:18 [INFO ] szerencsejatek.common.homeAndLogin.pages.HomePage - We click on the "Osszes engedelyezese" button
2024-03-21 22:44:24 [INFO ] szerencsejatek.common.homeAndLogin.pages.HomePage - We click on the "Belepes es regisztracio" button
2024-03-21 22:44:24 [INFO ] szerencsejatek.common.homeAndLogin.pages.LoginPage - We fill the name input field with the 'Szabolcs888'
2024-03-21 22:44:25 [INFO ] szerencsejatek.common.homeAndLogin.pages.LoginPage - We fill the password input field with the password
2024-03-21 22:44:25 [INFO ] szerencsejatek.common.homeAndLogin.pages.LoginPage - We click on the "Bejelentkezes" button
2024-03-21 22:44:30 [INFO ] szerencsejatek.common.homeAndLogin.pages.HomePageLoggedin - We click on the "SORSJEGYEK" button
2024-03-21 22:44:34 [INFO ] szerencsejatek.common.homeAndLogin.pages.HomePageLoggedin - We click on the "E-sorsjegy" button
2024-03-21 22:44:36 [INFO ] szerencsejatek.sorsjegyek.pages.ESorsjegyekPage - We click on the "Reszletek" button of the 'Black Jack' E-lottery ticket
2024-03-21 22:44:39 [INFO ] szerencsejatek.sorsjegyek.pages.BlackJackPrePage - We click on the "PROBAJATEK INDITASA" option button
2024-03-21 22:44:39 [INFO ] szerencsejatek.sorsjegyek.pages.BlackJackPage - We click on the "key" button
2024-03-21 22:44:42 [INFO ] szerencsejatek.sorsjegyek.pages.BlackJackPage - We scroll down to the lottery ticket
2024-03-21 22:45:15 [INFO ] szerencsejatek.sorsjegyek.pages.BlackJackPage - We scratch off the main field on the lottery ticket
2024-03-21 22:45:31 [INFO ] szerencsejatek.sorsjegyek.pages.BlackJackPage - We scratch off the side field on the lottery ticket
2024-03-21 22:45:34 [INFO ] szerencsejatek.sorsjegyek.pages.BlackJackPage - We click on the "Mutasd!" button
2024-03-21 22:45:35 [INFO ] szerencsejatek.sorsjegyek.pages.BlackJackPage - The message text is: " + resultMessageText + ""

2024-03-21 22:45:35 [INFO ] szerencsejatek.sorsjegyek.tests.ScratchTests - The message text is valid
2024-03-21 22:45:35 [INFO ] driverFrameworkCore.utils.ListenerLogMessages - Test PASSED: scratchTest
2024-03-21 22:46:54 [INFO ] driverFrameworkCore.utils.ListenerLogMessages - Test STARTED: scratchTest
2024-03-21 22:46:59 [INFO ] szerencsejatek.common.homeAndLogin.pages.HomePage - We click on the "Osszes engedelyezese" button
2024-03-21 22:47:08 [INFO ] szerencsejatek.common.homeAndLogin.pages.HomePage - We click on the "Belepes es regisztracio" button
2024-03-21 22:47:08 [INFO ] szerencsejatek.common.homeAndLogin.pages.LoginPage - We fill the name input field with the 'Szabolcs888'
2024-03-21 22:47:09 [INFO ] szerencsejatek.common.homeAndLogin.pages.LoginPage - We fill the password input field with the password
2024-03-21 22:47:09 [INFO ] szerencsejatek.common.homeAndLogin.pages.LoginPage - We click on the "Bejelentkezes" button
2024-03-21 22:47:14 [INFO ] szerencsejatek.common.homeAndLogin.pages.HomePageLoggedin - We click on the "SORSJEGYEK" button
2024-03-21 22:47:18 [INFO ] szerencsejatek.common.homeAndLogin.pages.HomePageLoggedin - We click on the "E-sorsjegy" button
2024-03-21 22:47:20 [INFO ] szerencsejatek.sorsjegyek.pages.ESorsjegyekPage - We click on the "Reszletek" button of the 'Black Jack' E-lottery ticket
2024-03-21 22:47:24 [INFO ] szerencsejatek.sorsjegyek.pages.BlackJackPrePage - We click on the "PROBAJATEK INDITASA" option button
2024-03-21 22:47:24 [INFO ] szerencsejatek.sorsjegyek.pages.BlackJackPage - We click on the "key" button
2024-03-21 22:47:27 [INFO ] szerencsejatek.sorsjegyek.pages.BlackJackPage - We scroll down to the lottery ticket
2024-03-21 22:48:00 [INFO ] szerencsejatek.sorsjegyek.pages.BlackJackPage - We scratch off the main field on the lottery ticket
2024-03-21 22:48:16 [INFO ] szerencsejatek.sorsjegyek.pages.BlackJackPage - We scratch off the side field on the lottery ticket
2024-03-21 22:48:19 [INFO ] szerencsejatek.sorsjegyek.pages.BlackJackPage - We click on the "Mutasd!" button
2024-03-21 22:48:20 [INFO ] szerencsejatek.sorsjegyek.tests.ScratchTests - The message text is valid
2024-03-21 22:48:20 [INFO ] driverFrameworkCore.utils.ListenerLogMessages - Test PASSED: scratchTest
2024-03-21 22:49:15 [INFO ] driverFrameworkCore.utils.ListenerLogMessages - Test STARTED: scratchTest2
2024-03-21 22:49:19 [INFO ] szerencsejatek.common.homeAndLogin.pages.HomePage - We click on the "Osszes engedelyezese" button
2024-03-21 22:49:26 [INFO ] szerencsejatek.common.homeAndLogin.pages.HomePage - We click on the "Belepes es regisztracio" button
2024-03-21 22:49:26 [INFO ] szerencsejatek.common.homeAndLogin.pages.LoginPage - We fill the name input field with the 'Szabolcs888'
2024-03-21 22:49:26 [INFO ] szerencsejatek.common.homeAndLogin.pages.LoginPage - We fill the password input field with the password
2024-03-21 22:49:27 [INFO ] szerencsejatek.common.homeAndLogin.pages.LoginPage - We click on the "Bejelentkezes" button
2024-03-21 22:49:32 [INFO ] szerencsejatek.common.homeAndLogin.pages.HomePageLoggedin - We click on the "SORSJEGYEK" button
2024-03-21 22:49:36 [INFO ] szerencsejatek.common.homeAndLogin.pages.HomePageLoggedin - We click on the "E-sorsjegy" button
2024-03-21 22:49:39 [INFO ] szerencsejatek.sorsjegyek.pages.ESorsjegyekPage - : We click on the "Reszletek" button of the 'Szerencsemalac' E-lottery ticket
2024-03-21 22:49:42 [INFO ] szerencsejatek.sorsjegyek.pages.SzerencsemalacPrePage - We click on the "PROBAJATEK INDITASA" option button
2024-03-21 22:49:45 [INFO ] szerencsejatek.sorsjegyek.pages.SzerencsemalacPage - We scroll down to the lottery ticket
2024-03-21 22:49:56 [INFO ] szerencsejatek.sorsjegyek.pages.SzerencsemalacPage - We scratch the lottery ticket
2024-03-21 22:49:58 [INFO ] szerencsejatek.sorsjegyek.pages.SzerencsemalacPage - We click on the "Mutasd!" button
2024-03-21 22:50:00 [INFO ] szerencsejatek.sorsjegyek.tests.ScratchTests - The message text is valid
2024-03-21 22:50:00 [INFO ] driverFrameworkCore.utils.ListenerLogMessages - Test PASSED: scratchTest2
2024-03-21 22:51:13 [INFO ] driverFrameworkCore.utils.ListenerLogMessages - Test STARTED: scratchTest2
2024-03-21 22:51:18 [INFO ] szerencsejatek.common.homeAndLogin.pages.HomePage - We click on the "Osszes engedelyezese" button
2024-03-21 22:51:24 [INFO ] szerencsejatek.common.homeAndLogin.pages.HomePage - We click on the "Belepes es regisztracio" button
2024-03-21 22:51:24 [INFO ] szerencsejatek.common.homeAndLogin.pages.LoginPage - We fill the name input field with the 'Szabolcs888'
2024-03-21 22:51:24 [INFO ] szerencsejatek.common.homeAndLogin.pages.LoginPage - We fill the password input field with the password
2024-03-21 22:51:25 [INFO ] szerencsejatek.common.homeAndLogin.pages.LoginPage - We click on the "Bejelentkezes" button
2024-03-21 22:51:30 [INFO ] szerencsejatek.common.homeAndLogin.pages.HomePageLoggedin - We click on the "SORSJEGYEK" button
2024-03-21 22:51:33 [INFO ] szerencsejatek.common.homeAndLogin.pages.HomePageLoggedin - We click on the "E-sorsjegy" button
2024-03-21 22:51:36 [INFO ] szerencsejatek.sorsjegyek.pages.ESorsjegyekPage - : We click on the "Reszletek" button of the 'Szerencsemalac' E-lottery ticket
2024-03-21 22:51:39 [INFO ] szerencsejatek.sorsjegyek.pages.SzerencsemalacPrePage - We click on the "PROBAJATEK INDITASA" option button
2024-03-21 22:51:42 [INFO ] szerencsejatek.sorsjegyek.pages.SzerencsemalacPage - We scroll down to the lottery ticket
2024-03-21 22:51:53 [INFO ] szerencsejatek.sorsjegyek.pages.SzerencsemalacPage - We scratch the lottery ticket
2024-03-21 22:51:55 [INFO ] szerencsejatek.sorsjegyek.pages.SzerencsemalacPage - We click on the "Mutasd!" button
2024-03-21 22:51:57 [INFO ] szerencsejatek.sorsjegyek.tests.ScratchTests - The message text is valid
2024-03-21 22:51:57 [INFO ] driverFrameworkCore.utils.ListenerLogMessages - Test PASSED: scratchTest2
2024-03-21 22:56:28 [INFO ] driverFrameworkCore.utils.ListenerLogMessages - Test STARTED: expectedOperationOfTheOrderMenuInLoginTestOnESorsjegyekPage
2024-03-21 22:56:36 [INFO ] szerencsejatek.common.homeAndLogin.pages.HomePage - We click on the "Osszes engedelyezese" button
2024-03-21 22:56:46 [INFO ] szerencsejatek.common.homeAndLogin.pages.HomePage - We click on the "Belepes es regisztracio" button
2024-03-21 22:56:46 [INFO ] szerencsejatek.common.homeAndLogin.pages.LoginPage - We fill the name input field with the 'Szabolcs888'
2024-03-21 22:56:46 [INFO ] szerencsejatek.common.homeAndLogin.pages.LoginPage - We fill the password input field with the password
2024-03-21 22:56:46 [INFO ] szerencsejatek.common.homeAndLogin.pages.LoginPage - We click on the "Bejelentkezes" button
2024-03-21 22:56:52 [INFO ] szerencsejatek.common.homeAndLogin.pages.HomePageLoggedin - We click on the "SORSJEGYEK" button
2024-03-21 22:56:56 [INFO ] szerencsejatek.common.homeAndLogin.pages.HomePageLoggedin - We click on the "E-sorsjegy" button
2024-03-21 22:56:56 [INFO ] szerencsejatek.sorsjegyek.pages.ESorsjegyekPage - We click on the "E-sorsjegyek rendezese" button
2024-03-21 22:56:56 [INFO ] szerencsejatek.sorsjegyek.pages.ESorsjegyekPage - We click on the "Fonyeremeny szerint novekvo" option button
2024-03-21 22:56:57 [INFO ] szerencsejatek.sorsjegyek.tests.DropdownMenuTests - The contents of the two lists are identical, the items are in the expected order
2024-03-21 22:56:57 [INFO ] driverFrameworkCore.utils.ListenerLogMessages - Test PASSED: expectedOperationOfTheOrderMenuInLoginTestOnESorsjegyekPage
2024-03-21 22:57:32 [INFO ] driverFrameworkCore.utils.ListenerLogMessages - Test STARTED: expectedOperationOfTheOrderMenuInLoginTestOnESorsjegyekPage
2024-03-21 22:57:37 [INFO ] szerencsejatek.common.homeAndLogin.pages.HomePage - We click on the "Osszes engedelyezese" button
2024-03-21 22:58:06 [INFO ] szerencsejatek.common.homeAndLogin.pages.HomePage - We click on the "Belepes es regisztracio" button
2024-03-21 22:58:06 [INFO ] szerencsejatek.common.homeAndLogin.pages.LoginPage - We fill the name input field with the 'Szabolcs888'
2024-03-21 22:58:06 [INFO ] szerencsejatek.common.homeAndLogin.pages.LoginPage - We fill the password input field with the password
2024-03-21 22:58:06 [INFO ] szerencsejatek.common.homeAndLogin.pages.LoginPage - We click on the "Bejelentkezes" button
2024-03-21 22:58:11 [INFO ] szerencsejatek.common.homeAndLogin.pages.HomePageLoggedin - We click on the "SORSJEGYEK" button
2024-03-21 22:58:15 [INFO ] szerencsejatek.common.homeAndLogin.pages.HomePageLoggedin - We click on the "E-sorsjegy" button
2024-03-21 22:58:15 [INFO ] szerencsejatek.sorsjegyek.pages.ESorsjegyekPage - We click on the "E-sorsjegyek rendezese" button
2024-03-21 22:58:15 [INFO ] szerencsejatek.sorsjegyek.pages.ESorsjegyekPage - We click on the "Fonyeremeny szerint novekvo" option button
2024-03-21 22:58:16 [INFO ] szerencsejatek.sorsjegyek.tests.DropdownMenuTests - The contents of the two lists are identical, the items are in the expected order
2024-03-21 22:58:16 [INFO ] driverFrameworkCore.utils.ListenerLogMessages - Test PASSED: expectedOperationOfTheOrderMenuInLoginTestOnESorsjegyekPage
2024-03-21 22:59:21 [INFO ] driverFrameworkCore.utils.ListenerLogMessages - Test STARTED: expectedOperationOfTheOrderMenuInLoginTestOnESorsjegyekPage
2024-03-21 22:59:26 [INFO ] szerencsejatek.common.homeAndLogin.pages.HomePage - We click on the "Osszes engedelyezese" button
2024-03-21 22:59:31 [INFO ] szerencsejatek.common.homeAndLogin.pages.HomePage - We click on the "Belepes es regisztracio" button
2024-03-21 22:59:32 [INFO ] szerencsejatek.common.homeAndLogin.pages.LoginPage - We fill the name input field with the 'Szabolcs888'
2024-03-21 22:59:32 [INFO ] szerencsejatek.common.homeAndLogin.pages.LoginPage - We fill the password input field with the password
2024-03-21 22:59:32 [INFO ] szerencsejatek.common.homeAndLogin.pages.LoginPage - We click on the "Bejelentkezes" button
2024-03-21 22:59:38 [INFO ] szerencsejatek.common.homeAndLogin.pages.HomePageLoggedin - We click on the "SORSJEGYEK" button
2024-03-21 22:59:54 [INFO ] szerencsejatek.common.homeAndLogin.pages.HomePageLoggedin - We click on the "E-sorsjegy" button
2024-03-21 22:59:54 [INFO ] szerencsejatek.sorsjegyek.pages.ESorsjegyekPage - We click on the "E-sorsjegyek rendezese" button
2024-03-21 22:59:55 [INFO ] szerencsejatek.sorsjegyek.pages.ESorsjegyekPage - We click on the "Fonyeremeny szerint novekvo" option button
2024-03-21 22:59:55 [INFO ] szerencsejatek.sorsjegyek.tests.DropdownMenuTests - The contents of the two lists are identical, the items are in the expected order
2024-03-21 22:59:55 [INFO ] driverFrameworkCore.utils.ListenerLogMessages - Test PASSED: expectedOperationOfTheOrderMenuInLoginTestOnESorsjegyekPage
2024-03-21 23:00:31 [INFO ] driverFrameworkCore.utils.ListenerLogMessages - Test STARTED: expectedOperationOfTheOrderMenuWithoutLoginTestOnESorsjegyekPage
2024-03-21 23:00:37 [INFO ] szerencsejatek.common.homeAndLogin.pages.HomePage - We click on the "Osszes engedelyezese" button
2024-03-21 23:00:42 [INFO ] szerencsejatek.common.homeAndLogin.pages.HomePageLoggedin - We click on the "SORSJEGYEK" button
2024-03-21 23:00:49 [INFO ] szerencsejatek.common.homeAndLogin.pages.HomePageLoggedin - We click on the "E-sorsjegy" button
2024-03-21 23:00:49 [INFO ] szerencsejatek.sorsjegyek.pages.ESorsjegyekPage - We click on the "E-sorsjegyek rendezese" button
2024-03-21 23:00:49 [INFO ] szerencsejatek.sorsjegyek.pages.ESorsjegyekPage - We click on the "Fonyeremeny szerint novekvo" option button
2024-03-21 23:00:49 [INFO ] szerencsejatek.sorsjegyek.tests.DropdownMenuTests - The contents of the two lists are identical, the items are in the expected order
2024-03-21 23:00:49 [INFO ] driverFrameworkCore.utils.ListenerLogMessages - Test PASSED: expectedOperationOfTheOrderMenuWithoutLoginTestOnESorsjegyekPage
2024-03-21 23:01:50 [INFO ] driverFrameworkCore.utils.ListenerLogMessages - Test STARTED: expectedOperationOfTheOrderMenuWithoutLoginTestOnESorsjegyekPage2
2024-03-21 23:01:55 [INFO ] szerencsejatek.common.homeAndLogin.pages.HomePage - We click on the "Osszes engedelyezese" button
2024-03-21 23:02:00 [INFO ] szerencsejatek.common.homeAndLogin.pages.HomePageLoggedin - We click on the "SORSJEGYEK" button
2024-03-21 23:02:06 [INFO ] szerencsejatek.common.homeAndLogin.pages.HomePageLoggedin - We click on the "E-sorsjegy" button
2024-03-21 23:02:06 [INFO ] szerencsejatek.sorsjegyek.pages.ESorsjegyekPage - We click on the "E-sorsjegyek rendezese" button
2024-03-21 23:02:07 [INFO ] szerencsejatek.sorsjegyek.pages.ESorsjegyekPage - : We click on the "We click on the "Ar szerint csokkeno" option button
2024-03-21 23:02:07 [INFO ] szerencsejatek.sorsjegyek.tests.DropdownMenuTests - The contents of the two lists are identical, the items are in the expected order
2024-03-21 23:02:07 [INFO ] driverFrameworkCore.utils.ListenerLogMessages - Test PASSED: expectedOperationOfTheOrderMenuWithoutLoginTestOnESorsjegyekPage2
2024-03-21 23:02:33 [INFO ] driverFrameworkCore.utils.ListenerLogMessages - Test STARTED: expectedOperationOfTheOrderMenuInLoginTestOnSorsjegyekPage
2024-03-21 23:02:39 [INFO ] szerencsejatek.common.homeAndLogin.pages.HomePage - We click on the "Osszes engedelyezese" button
2024-03-21 23:02:44 [INFO ] szerencsejatek.common.homeAndLogin.pages.HomePage - We click on the "Belepes es regisztracio" button
2024-03-21 23:02:45 [INFO ] szerencsejatek.common.homeAndLogin.pages.LoginPage - We fill the name input field with the 'Szabolcs888'
2024-03-21 23:02:45 [INFO ] szerencsejatek.common.homeAndLogin.pages.LoginPage - We fill the password input field with the password
2024-03-21 23:02:45 [INFO ] szerencsejatek.common.homeAndLogin.pages.LoginPage - We click on the "Bejelentkezes" button
2024-03-21 23:02:50 [INFO ] szerencsejatek.common.homeAndLogin.pages.HomePageLoggedin - We click on the "SORSJEGYEK" button
2024-03-21 23:02:55 [INFO ] szerencsejatek.common.homeAndLogin.pages.HomePageLoggedin - We click on the "Sorsjegy" button
2024-03-21 23:02:55 [INFO ] szerencsejatek.sorsjegyek.pages.SorsjegyekPage - We click on the "Sorsjegyek rendezese" button
2024-03-21 23:02:56 [INFO ] szerencsejatek.sorsjegyek.pages.SorsjegyekPage - We click on the "Ar szerint szerint novekvo" option button
2024-03-21 23:02:56 [ERROR] szerencsejatek.sorsjegyek.tests.DropdownMenuTests - The contents of the two lists are not identical, the items are not in the expected order
2024-03-21 23:02:56 [ERROR] driverFrameworkCore.utils.ListenerLogMessages - Method FAILED: expectedOperationOfTheOrderMenuInLoginTestOnSorsjegyekPage
2024-03-21 23:03:38 [INFO ] driverFrameworkCore.utils.ListenerLogMessages - Test STARTED: expectedOperationOfTheOrderMenuWithoutLoginTestOnSorsjegyekPage
2024-03-21 23:03:44 [INFO ] szerencsejatek.common.homeAndLogin.pages.HomePage - We click on the "Osszes engedelyezese" button
2024-03-21 23:03:49 [INFO ] szerencsejatek.common.homeAndLogin.pages.HomePageLoggedin - We click on the "SORSJEGYEK" button
2024-03-21 23:03:56 [INFO ] szerencsejatek.common.homeAndLogin.pages.HomePageLoggedin - We click on the "Sorsjegy" button
2024-03-21 23:03:58 [INFO ] szerencsejatek.common.homeAndLogin.pages.HomePageLoggedin - We click on the "Sorsjegy" button
2024-03-21 23:03:59 [INFO ] szerencsejatek.sorsjegyek.pages.SorsjegyekPage - We click on the "Sorsjegyek rendezese" button
2024-03-21 23:03:59 [INFO ] szerencsejatek.sorsjegyek.pages.SorsjegyekPage - We click on the "Ar szerint szerint novekvo" option button
2024-03-21 23:04:00 [ERROR] szerencsejatek.sorsjegyek.tests.DropdownMenuTests - The contents of the two lists are not identical, the items are not in the expected order
2024-03-21 23:04:00 [ERROR] driverFrameworkCore.utils.ListenerLogMessages - Method FAILED: expectedOperationOfTheOrderMenuWithoutLoginTestOnSorsjegyekPage
2024-03-21 23:04:58 [INFO ] driverFrameworkCore.utils.ListenerLogMessages - Test STARTED: expectedOperationOfTheOrderMenuWithoutLoginTestOnSorsjegyekPage2
2024-03-21 23:05:03 [INFO ] szerencsejatek.common.homeAndLogin.pages.HomePage - We click on the "Osszes engedelyezese" button
2024-03-21 23:05:08 [INFO ] szerencsejatek.common.homeAndLogin.pages.HomePageLoggedin - We click on the "SORSJEGYEK" button
2024-03-21 23:05:27 [INFO ] driverFrameworkCore.utils.ListenerLogMessages - Test STARTED: expectedOperationOfTheOrderMenuWithoutLoginTestOnSorsjegyekPage2
2024-03-21 23:05:32 [INFO ] szerencsejatek.common.homeAndLogin.pages.HomePage - We click on the "Osszes engedelyezese" button
2024-03-21 23:05:38 [INFO ] szerencsejatek.common.homeAndLogin.pages.HomePageLoggedin - We click on the "SORSJEGYEK" button
2024-03-21 23:05:45 [INFO ] szerencsejatek.common.homeAndLogin.pages.HomePageLoggedin - We click on the "Sorsjegy" button
2024-03-21 23:05:45 [INFO ] szerencsejatek.sorsjegyek.pages.SorsjegyekPage - We click on the "Sorsjegyek rendezese" button
2024-03-21 23:05:45 [INFO ] szerencsejatek.sorsjegyek.pages.SorsjegyekPage - We click on the "Fonyeremeny szerint csokkeno" option button
2024-03-21 23:05:46 [ERROR] szerencsejatek.sorsjegyek.tests.DropdownMenuTests - The contents of the two lists are not identical, the items are not in the expected order
2024-03-21 23:05:46 [ERROR] driverFrameworkCore.utils.ListenerLogMessages - Method FAILED: expectedOperationOfTheOrderMenuWithoutLoginTestOnSorsjegyekPage2
2024-03-21 23:06:10 [INFO ] driverFrameworkCore.utils.ListenerLogMessages - Test STARTED: expectedOperationOfTheOrderMenuWithoutLoginTestOnSorsjegyekPage2
2024-03-21 23:06:15 [INFO ] szerencsejatek.common.homeAndLogin.pages.HomePage - We click on the "Osszes engedelyezese" button
2024-03-21 23:06:21 [INFO ] szerencsejatek.common.homeAndLogin.pages.HomePageLoggedin - We click on the "SORSJEGYEK" button
2024-03-21 23:06:27 [INFO ] szerencsejatek.common.homeAndLogin.pages.HomePageLoggedin - We click on the "Sorsjegy" button
2024-03-21 23:06:27 [INFO ] szerencsejatek.sorsjegyek.pages.SorsjegyekPage - We click on the "Sorsjegyek rendezese" button
2024-03-21 23:06:28 [INFO ] szerencsejatek.sorsjegyek.pages.SorsjegyekPage - We click on the "Fonyeremeny szerint csokkeno" option button
2024-03-21 23:06:28 [ERROR] szerencsejatek.sorsjegyek.tests.DropdownMenuTests - The contents of the two lists are not identical, the items are not in the expected order
2024-03-21 23:06:28 [ERROR] driverFrameworkCore.utils.ListenerLogMessages - Method FAILED: expectedOperationOfTheOrderMenuWithoutLoginTestOnSorsjegyekPage2
2024-03-21 23:06:54 [INFO ] driverFrameworkCore.utils.ListenerLogMessages - Test STARTED: expectedOperationOfTheOrderMenuWithoutLoginTestOnSorsjegyekPage2
2024-03-21 23:06:59 [INFO ] szerencsejatek.common.homeAndLogin.pages.HomePage - We click on the "Osszes engedelyezese" button
2024-03-21 23:07:05 [INFO ] szerencsejatek.common.homeAndLogin.pages.HomePageLoggedin - We click on the "SORSJEGYEK" button
2024-03-21 23:07:11 [INFO ] szerencsejatek.common.homeAndLogin.pages.HomePageLoggedin - We click on the "Sorsjegy" button
2024-03-21 23:07:12 [ERROR] driverFrameworkCore.utils.ListenerLogMessages - Method FAILED: expectedOperationOfTheOrderMenuWithoutLoginTestOnSorsjegyekPage2
2024-03-21 23:16:41 [INFO ] szerencsejatek.common.homeAndLogin.pages.HomePage - We click on the "Osszes engedelyezese" button
2024-03-21 23:16:50 [INFO ] szerencsejatek.common.homeAndLogin.pages.HomePage - We click on the "Belepes es regisztracio" button
2024-03-21 23:16:51 [INFO ] szerencsejatek.common.homeAndLogin.pages.LoginPage - We fill the name input field with the 'Szabolcs888'
2024-03-21 23:16:52 [INFO ] szerencsejatek.common.homeAndLogin.pages.LoginPage - We fill the password input field with the password
2024-03-21 23:16:52 [INFO ] szerencsejatek.common.homeAndLogin.pages.LoginPage - We click on the "Bejelentkezes" button
2024-03-21 23:17:43 [INFO ] szerencsejatek.common.cart.pages.CartPage - We check if the cart page is loaded
2024-03-21 23:17:49 [INFO ] szerencsejatek.common.cart.pages.CartPage - We click on the "Kosar uritese" button
2024-03-21 23:17:52 [INFO ] szerencsejatek.common.cart.pages.CartPage - We click on the "Torles" button
2024-03-21 23:19:30 [INFO ] szerencsejatek.common.homeAndLogin.pages.HomePage - We click on the "Osszes engedelyezese" button
2024-03-21 23:19:35 [INFO ] szerencsejatek.common.homeAndLogin.pages.HomePage - We click on the "Belepes es regisztracio" button
2024-03-21 23:19:35 [INFO ] szerencsejatek.common.homeAndLogin.pages.LoginPage - We fill the name input field with the 'Szabolcs888'
2024-03-21 23:19:35 [INFO ] szerencsejatek.common.homeAndLogin.pages.LoginPage - We fill the password input field with the password
2024-03-21 23:19:36 [INFO ] szerencsejatek.common.homeAndLogin.pages.LoginPage - We click on the "Bejelentkezes" button
2024-03-21 23:19:38 [INFO ] szerencsejatek.common.homeAndLogin.pages.HomePageLoggedin - We click on the "LOTTOK" menu button
2024-03-21 23:20:19 [INFO ] szerencsejatek.common.homeAndLogin.pages.HomePage - We click on the "Osszes engedelyezese" button
2024-03-21 23:20:48 [INFO ] szerencsejatek.common.homeAndLogin.pages.HomePage - We click on the "Belepes es regisztracio" button
2024-03-21 23:20:48 [INFO ] szerencsejatek.common.homeAndLogin.pages.LoginPage - We fill the name input field with the 'Szabolcs888'
2024-03-21 23:20:48 [INFO ] szerencsejatek.common.homeAndLogin.pages.LoginPage - We fill the password input field with the password
2024-03-21 23:20:48 [INFO ] szerencsejatek.common.homeAndLogin.pages.LoginPage - We click on the "Bejelentkezes" button
2024-03-21 23:20:51 [INFO ] szerencsejatek.common.homeAndLogin.pages.HomePageLoggedin - We click on the "LOTTOK" menu button
2024-03-21 23:21:56 [INFO ] szerencsejatek.common.homeAndLogin.pages.HomePage - We click on the "Osszes engedelyezese" button
2024-03-21 23:22:03 [INFO ] szerencsejatek.common.homeAndLogin.pages.HomePage - We click on the "Belepes es regisztracio" button
2024-03-21 23:22:03 [INFO ] szerencsejatek.common.homeAndLogin.pages.LoginPage - We fill the name input field with the 'Szabolcs888'
2024-03-21 23:22:03 [INFO ] szerencsejatek.common.homeAndLogin.pages.LoginPage - We fill the password input field with the password
2024-03-21 23:22:04 [INFO ] szerencsejatek.common.homeAndLogin.pages.LoginPage - We click on the "Bejelentkezes" button
2024-03-21 23:22:07 [INFO ] szerencsejatek.common.homeAndLogin.pages.HomePageLoggedin - We click on the "LOTTOK" menu button
2024-03-21 23:23:02 [INFO ] driverFrameworkCore.utils.ListenerLogMessages - Test STARTED: normalHatosLottoTest
2024-03-21 23:23:08 [INFO ] szerencsejatek.common.homeAndLogin.pages.HomePage - We click on the "Osszes engedelyezese" button
2024-03-21 23:23:15 [INFO ] szerencsejatek.common.homeAndLogin.pages.HomePage - We click on the "Belepes es regisztracio" button
2024-03-21 23:23:15 [INFO ] szerencsejatek.common.homeAndLogin.pages.LoginPage - We fill the name input field with the 'Szabolcs888'
2024-03-21 23:23:15 [INFO ] szerencsejatek.common.homeAndLogin.pages.LoginPage - We fill the password input field with the password
2024-03-21 23:23:16 [INFO ] szerencsejatek.common.homeAndLogin.pages.LoginPage - We click on the "Bejelentkezes" button
2024-03-21 23:23:18 [INFO ] szerencsejatek.lotto.tests.HatosLottoTests - We check if the dropdown menu is available
2024-03-21 23:23:18 [INFO ] szerencsejatek.common.homeAndLogin.pages.HomePageLoggedin - We try to click on middle button but it is not clickable
2024-03-21 23:23:23 [INFO ] szerencsejatek.common.homeAndLogin.pages.HomePageLoggedin - We select another number
2024-03-21 23:23:23 [INFO ] szerencsejatek.common.homeAndLogin.pages.HomePageLoggedin - We try to select another number
2024-03-21 23:23:27 [INFO ] szerencsejatek.common.homeAndLogin.pages.HomePageLoggedin - We click on the middle submit button
2024-03-21 23:23:27 [INFO ] szerencsejatek.lotto.tests.HatosLottoTests - We check if the Hatoslotto page is loaded
2024-03-21 23:23:27 [INFO ] szerencsejatek.lotto.pages.HatosLottoPage - We click on the 'TORLES' button
2024-03-21 23:23:31 [INFO ] szerencsejatek.lotto.pages.HatosLottoPage - We click on the 'TORLES' button
2024-03-21 23:23:31 [INFO ] szerencsejatek.lotto.tests.HatosLottoTests - We check whether the number of selected numbers is zero
2024-03-21 23:23:34 [INFO ] szerencsejatek.lotto.pages.HatosLottoPage - We click on "KOSARBA" button
2024-03-21 23:23:34 [INFO ] szerencsejatek.lotto.pages.HatosLottoPage - We click on the 'BEZARAS' button
2024-03-21 23:23:39 [INFO ] szerencsejatek.lotto.pages.HatosLottoPage - We select five numbers
2024-03-21 23:23:42 [INFO ] szerencsejatek.lotto.pages.HatosLottoPage - We click on "KOSARBA" button
2024-03-21 23:23:42 [INFO ] szerencsejatek.lotto.pages.HatosLottoPage - We click on the 'BEZARAS' button
2024-03-21 23:23:45 [INFO ] szerencsejatek.lotto.pages.HatosLottoPage - We select another number
2024-03-21 23:23:46 [INFO ] szerencsejatek.lotto.pages.HatosLottoPage - We try to select another number
2024-03-21 23:23:46 [INFO ] szerencsejatek.lotto.tests.HatosLottoTests - We check that 6 numbers are selected
2024-03-21 23:23:49 [INFO ] szerencsejatek.lotto.pages.HatosLottoPage - We click on "KOSARBA" button
2024-03-21 23:23:51 [INFO ] szerencsejatek.common.cart.pages.CartPage - We check if the cart page is loaded
2024-03-21 23:23:51 [INFO ] szerencsejatek.lotto.tests.HatosLottoTests - We check if the Cart page is loaded
2024-03-21 23:23:51 [INFO ] szerencsejatek.common.cart.pages.CartPage - We check if the cart page is loaded
2024-03-21 23:23:51 [INFO ] driverFrameworkCore.utils.ListenerLogMessages - Test PASSED: normalHatosLottoTest
2024-03-21 23:24:52 [INFO ] szerencsejatek.common.homeAndLogin.pages.HomePage - We click on the "Osszes engedelyezese" button
2024-03-21 23:24:58 [INFO ] szerencsejatek.common.homeAndLogin.pages.HomePage - We click on the "Belepes es regisztracio" button
2024-03-21 23:24:58 [INFO ] szerencsejatek.common.homeAndLogin.pages.LoginPage - We fill the name input field with the 'Szabolcs888'
2024-03-21 23:24:58 [INFO ] szerencsejatek.common.homeAndLogin.pages.LoginPage - We fill the password input field with the password
2024-03-21 23:24:58 [INFO ] szerencsejatek.common.homeAndLogin.pages.LoginPage - We click on the "Bejelentkezes" button
2024-03-21 23:25:01 [INFO ] szerencsejatek.common.homeAndLogin.pages.HomePageLoggedin - We click on the "LOTTOK" menu button
2024-03-21 23:31:00 [INFO ] driverFrameworkCore.utils.ListenerLogMessages - Test STARTED: normalHatosLottoTest
2024-03-21 23:31:05 [INFO ] szerencsejatek.common.homeAndLogin.pages.HomePage - We click on the "Osszes engedelyezese" button
2024-03-21 23:31:15 [INFO ] szerencsejatek.common.homeAndLogin.pages.HomePage - We click on the "Belepes es regisztracio" button
2024-03-21 23:31:15 [INFO ] szerencsejatek.common.homeAndLogin.pages.LoginPage - We fill the name input field with the 'Szabolcs888'
2024-03-21 23:31:15 [INFO ] szerencsejatek.common.homeAndLogin.pages.LoginPage - We fill the password input field with the password
2024-03-21 23:31:15 [INFO ] szerencsejatek.common.homeAndLogin.pages.LoginPage - We click on the "Bejelentkezes" button
2024-03-21 23:31:17 [INFO ] szerencsejatek.lotto.tests.HatosLottoTests - We check if the dropdown menu is available
2024-03-21 23:31:18 [INFO ] szerencsejatek.common.homeAndLogin.pages.HomePageLoggedin - We try to click on middle button but it is not clickable
2024-03-21 23:31:23 [INFO ] szerencsejatek.common.homeAndLogin.pages.HomePageLoggedin - We select another number
2024-03-21 23:31:23 [INFO ] szerencsejatek.common.homeAndLogin.pages.HomePageLoggedin - We try to select another number
2024-03-21 23:31:26 [INFO ] szerencsejatek.common.homeAndLogin.pages.HomePageLoggedin - We click on the middle submit button
2024-03-21 23:31:26 [INFO ] szerencsejatek.lotto.tests.HatosLottoTests - We check if the Hatoslotto page is loaded
2024-03-21 23:31:27 [INFO ] szerencsejatek.lotto.pages.HatosLottoPage - We click on the 'TORLES' button
2024-03-21 23:31:30 [INFO ] szerencsejatek.lotto.pages.HatosLottoPage - We click on the 'TORLES' button
2024-03-21 23:31:30 [INFO ] szerencsejatek.lotto.tests.HatosLottoTests - We check whether the number of selected numbers is zero
2024-03-21 23:31:33 [INFO ] szerencsejatek.lotto.pages.HatosLottoPage - We click on "KOSARBA" button
2024-03-21 23:31:34 [INFO ] szerencsejatek.lotto.pages.HatosLottoPage - We click on the 'BEZARAS' button
2024-03-21 23:31:38 [INFO ] szerencsejatek.lotto.pages.HatosLottoPage - We select five numbers
2024-03-21 23:31:41 [INFO ] szerencsejatek.lotto.pages.HatosLottoPage - We click on "KOSARBA" button
2024-03-21 23:31:41 [INFO ] szerencsejatek.lotto.pages.HatosLottoPage - We click on the 'BEZARAS' button
2024-03-21 23:31:45 [INFO ] szerencsejatek.lotto.pages.HatosLottoPage - We select another number
2024-03-21 23:31:45 [INFO ] szerencsejatek.lotto.pages.HatosLottoPage - We try to select another number
2024-03-21 23:31:45 [INFO ] szerencsejatek.lotto.tests.HatosLottoTests - We check that 6 numbers are selected
2024-03-21 23:31:48 [INFO ] szerencsejatek.lotto.pages.HatosLottoPage - We click on "KOSARBA" button
2024-03-21 23:31:50 [INFO ] szerencsejatek.common.cart.pages.CartPage - We check if the cart page is loaded
2024-03-21 23:31:50 [INFO ] szerencsejatek.lotto.tests.HatosLottoTests - We check if the Cart page is loaded
2024-03-21 23:31:51 [INFO ] szerencsejatek.common.cart.pages.CartPage - We check if the cart page is loaded
2024-03-21 23:31:51 [INFO ] driverFrameworkCore.utils.ListenerLogMessages - Test PASSED: normalHatosLottoTest
2024-03-21 23:33:27 [INFO ] szerencsejatek.common.homeAndLogin.pages.HomePage - We click on the "Osszes engedelyezese" button
2024-03-21 23:33:33 [INFO ] szerencsejatek.common.homeAndLogin.pages.HomePage - We click on the "Belepes es regisztracio" button
2024-03-21 23:33:33 [INFO ] szerencsejatek.common.homeAndLogin.pages.LoginPage - We fill the name input field with the 'Szabolcs888'
2024-03-21 23:33:33 [INFO ] szerencsejatek.common.homeAndLogin.pages.LoginPage - We fill the password input field with the password
2024-03-21 23:33:33 [INFO ] szerencsejatek.common.homeAndLogin.pages.LoginPage - We click on the "Bejelentkezes" button
2024-03-22 00:08:21 [INFO ] szerencsejatek.common.homeAndLogin.pages.HomePage - We click on the "Osszes engedelyezese" button
2024-03-22 00:08:27 [INFO ] szerencsejatek.common.homeAndLogin.pages.HomePage - We click on the "Belepes es regisztracio" button
2024-03-22 00:08:27 [INFO ] szerencsejatek.common.homeAndLogin.pages.LoginPage - We fill the name input field with the 'Szabolcs888'
2024-03-22 00:08:28 [INFO ] szerencsejatek.common.homeAndLogin.pages.LoginPage - We fill the password input field with the password
2024-03-22 00:08:28 [INFO ] szerencsejatek.common.homeAndLogin.pages.LoginPage - We click on the "Bejelentkezes" button
2024-03-22 00:11:34 [INFO ] driverFrameworkCore.utils.ListenerLogMessages - Test STARTED: expectedOperationOfTheOrderMenuWithoutLoginTestOnESorsjegyekPage
2024-03-22 00:11:40 [INFO ] szerencsejatek.common.homeAndLogin.pages.HomePage - We click on the "Osszes engedelyezese" button
2024-03-22 00:11:46 [INFO ] szerencsejatek.common.homeAndLogin.pages.HomePageLoggedin - We click on the "SORSJEGYEK" button
2024-03-22 00:11:56 [INFO ] szerencsejatek.common.homeAndLogin.pages.HomePageLoggedin - We click on the "E-sorsjegy" button
2024-03-22 00:11:58 [INFO ] szerencsejatek.sorsjegyek.pages.ESorsjegyekPage - We click on the "E-sorsjegyek rendezese" button
2024-03-22 00:11:58 [INFO ] szerencsejatek.sorsjegyek.pages.ESorsjegyekPage - We click on the "Fonyeremeny szerint novekvo" option button
2024-03-22 00:11:59 [INFO ] szerencsejatek.sorsjegyek.tests.DropdownMenuTests - The contents of the two lists are identical, the items are in the expected order
2024-03-22 00:11:59 [INFO ] driverFrameworkCore.utils.ListenerLogMessages - Test PASSED: expectedOperationOfTheOrderMenuWithoutLoginTestOnESorsjegyekPage
2024-03-22 00:15:20 [INFO ] driverFrameworkCore.utils.ListenerLogMessages - Test STARTED: scratchTest2
2024-03-22 00:15:25 [INFO ] szerencsejatek.common.homeAndLogin.pages.HomePage - We click on the "Osszes engedelyezese" button
2024-03-22 00:15:31 [INFO ] szerencsejatek.common.homeAndLogin.pages.HomePage - We click on the "Belepes es regisztracio" button
2024-03-22 00:15:31 [INFO ] szerencsejatek.common.homeAndLogin.pages.LoginPage - We fill the name input field with the 'Szabolcs888'
2024-03-22 00:15:31 [INFO ] szerencsejatek.common.homeAndLogin.pages.LoginPage - We fill the password input field with the password
2024-03-22 00:15:32 [INFO ] szerencsejatek.common.homeAndLogin.pages.LoginPage - We click on the "Bejelentkezes" button
2024-03-22 00:15:37 [INFO ] szerencsejatek.common.homeAndLogin.pages.HomePageLoggedin - We click on the "SORSJEGYEK" button
2024-03-22 00:15:41 [INFO ] szerencsejatek.common.homeAndLogin.pages.HomePageLoggedin - We click on the "E-sorsjegy" button
2024-03-22 00:15:43 [INFO ] szerencsejatek.sorsjegyek.pages.ESorsjegyekPage - : We click on the "Reszletek" button of the 'Szerencsemalac' E-lottery ticket
2024-03-22 00:15:46 [INFO ] szerencsejatek.sorsjegyek.pages.SzerencsemalacPrePage - We click on the "PROBAJATEK INDITASA" option button
2024-03-22 00:15:49 [INFO ] szerencsejatek.sorsjegyek.pages.SzerencsemalacPage - We scroll down to the lottery ticket
2024-03-22 00:16:00 [INFO ] szerencsejatek.sorsjegyek.pages.SzerencsemalacPage - We scratch the lottery ticket
2024-03-22 00:16:02 [INFO ] szerencsejatek.sorsjegyek.pages.SzerencsemalacPage - We click on the "Mutasd!" button
2024-03-22 00:16:04 [ERROR] szerencsejatek.sorsjegyek.tests.ScratchTests - The message text is invalid
2024-03-22 00:16:04 [ERROR] driverFrameworkCore.utils.ListenerLogMessages - Method FAILED: scratchTest2
2024-03-22 00:22:15 [INFO ] driverFrameworkCore.utils.ListenerLogMessages - Test STARTED: normalHatosLottoTest
2024-03-22 00:22:23 [INFO ] szerencsejatek.common.homeAndLogin.pages.HomePage - We click on the "Osszes engedelyezese" button
2024-03-22 00:22:31 [INFO ] szerencsejatek.common.homeAndLogin.pages.HomePage - We click on the "Belepes es regisztracio" button
2024-03-22 00:22:32 [INFO ] szerencsejatek.common.homeAndLogin.pages.LoginPage - We fill the name input field with the 'Szabolcs888'
2024-03-22 00:22:33 [INFO ] szerencsejatek.common.homeAndLogin.pages.LoginPage - We fill the password input field with the password
2024-03-22 00:22:34 [INFO ] szerencsejatek.common.homeAndLogin.pages.LoginPage - We click on the "Bejelentkezes" button
2024-03-22 00:22:36 [INFO ] szerencsejatek.lotto.tests.HatosLottoTests - We check if the dropdown menu is available
2024-03-22 00:22:38 [INFO ] szerencsejatek.common.homeAndLogin.pages.HomePageLoggedin - We try to click on middle button but it is not clickable
2024-03-22 00:22:41 [ERROR] driverFrameworkCore.utils.ListenerLogMessages - Method FAILED: normalHatosLottoTest
2024-03-22 00:23:09 [INFO ] driverFrameworkCore.utils.ListenerLogMessages - Test STARTED: normalHatosLottoTest
2024-03-22 00:23:16 [INFO ] szerencsejatek.common.homeAndLogin.pages.HomePage - We click on the "Osszes engedelyezese" button
2024-03-22 00:23:23 [INFO ] szerencsejatek.common.homeAndLogin.pages.HomePage - We click on the "Belepes es regisztracio" button
2024-03-22 00:23:24 [INFO ] szerencsejatek.common.homeAndLogin.pages.LoginPage - We fill the name input field with the 'Szabolcs888'
2024-03-22 00:23:24 [INFO ] szerencsejatek.common.homeAndLogin.pages.LoginPage - We fill the password input field with the password
2024-03-22 00:23:24 [INFO ] szerencsejatek.common.homeAndLogin.pages.LoginPage - We click on the "Bejelentkezes" button
2024-03-22 00:23:27 [INFO ] szerencsejatek.lotto.tests.HatosLottoTests - We check if the dropdown menu is available
2024-03-22 00:23:27 [INFO ] szerencsejatek.common.homeAndLogin.pages.HomePageLoggedin - We try to click on middle button but it is not clickable
2024-03-22 00:23:32 [INFO ] szerencsejatek.common.homeAndLogin.pages.HomePageLoggedin - We select five numbers
2024-03-22 00:23:32 [INFO ] szerencsejatek.common.homeAndLogin.pages.HomePageLoggedin - We select another number
2024-03-22 00:23:32 [INFO ] szerencsejatek.common.homeAndLogin.pages.HomePageLoggedin - We try to select another number
2024-03-22 00:23:36 [INFO ] szerencsejatek.common.homeAndLogin.pages.HomePageLoggedin - We click on the middle submit button
2024-03-22 00:23:36 [INFO ] szerencsejatek.lotto.tests.HatosLottoTests - We check if the Hatoslotto page is loaded
2024-03-22 00:23:36 [INFO ] szerencsejatek.lotto.pages.HatosLottoPage - We click on the 'TORLES' button
2024-03-22 00:23:40 [INFO ] szerencsejatek.lotto.pages.HatosLottoPage - We click on the 'TORLES' button
2024-03-22 00:23:40 [INFO ] szerencsejatek.lotto.tests.HatosLottoTests - We check whether the number of selected numbers is zero
2024-03-22 00:23:43 [INFO ] szerencsejatek.lotto.pages.HatosLottoPage - We click on "KOSARBA" button
2024-03-22 00:23:43 [INFO ] szerencsejatek.lotto.pages.HatosLottoPage - We click on the 'BEZARAS' button
2024-03-22 00:23:48 [INFO ] szerencsejatek.lotto.pages.HatosLottoPage - We select five numbers
2024-03-22 00:23:51 [INFO ] szerencsejatek.lotto.pages.HatosLottoPage - We click on "KOSARBA" button
2024-03-22 00:23:51 [INFO ] szerencsejatek.lotto.pages.HatosLottoPage - We click on the 'BEZARAS' button
2024-03-22 00:23:55 [INFO ] szerencsejatek.lotto.pages.HatosLottoPage - We select another number
2024-03-22 00:23:55 [INFO ] szerencsejatek.lotto.pages.HatosLottoPage - We try to select another number
2024-03-22 00:23:55 [INFO ] szerencsejatek.lotto.tests.HatosLottoTests - We check that 6 numbers are selected
2024-03-22 00:23:58 [INFO ] szerencsejatek.lotto.pages.HatosLottoPage - We click on "KOSARBA" button
2024-03-22 00:24:01 [INFO ] szerencsejatek.common.cart.pages.CartPage - We check if the cart page is loaded
2024-03-22 00:24:01 [INFO ] szerencsejatek.lotto.tests.HatosLottoTests - We check if the Cart page is loaded
2024-03-22 00:24:01 [INFO ] szerencsejatek.common.cart.pages.CartPage - We check if the cart page is loaded
2024-03-22 00:24:01 [INFO ] driverFrameworkCore.utils.ListenerLogMessages - Test PASSED: normalHatosLottoTest
2024-03-22 00:40:59 [INFO ] driverFrameworkCore.utils.ListenerLogMessages - Test STARTED: normalHatosLottoTest
2024-03-22 00:41:05 [INFO ] szerencsejatek.common.homeAndLogin.pages.HomePage - We click on the "Osszes engedelyezese" button
2024-03-22 00:41:15 [INFO ] szerencsejatek.common.homeAndLogin.pages.HomePage - We click on the "Belepes es regisztracio" button
2024-03-22 00:41:15 [INFO ] szerencsejatek.common.homeAndLogin.pages.LoginPage - We fill the name input field with the 'Szabolcs888'
2024-03-22 00:41:15 [INFO ] szerencsejatek.common.homeAndLogin.pages.LoginPage - We fill the password input field with the password
2024-03-22 00:41:15 [INFO ] szerencsejatek.common.homeAndLogin.pages.LoginPage - We click on the "Bejelentkezes" button
2024-03-22 00:41:17 [INFO ] szerencsejatek.lotto.tests.HatosLottoTests - We check if the dropdown menu is available
2024-03-22 00:41:18 [INFO ] szerencsejatek.common.homeAndLogin.pages.HomePageLoggedin - We try to click on middle button but it is not clickable
2024-03-22 00:41:23 [INFO ] szerencsejatek.common.homeAndLogin.pages.HomePageLoggedin - We select five numbers
2024-03-22 00:41:23 [INFO ] szerencsejatek.common.homeAndLogin.pages.HomePageLoggedin - We select another number
2024-03-22 00:41:23 [INFO ] szerencsejatek.common.homeAndLogin.pages.HomePageLoggedin - We try to select another number
2024-03-22 00:41:26 [INFO ] szerencsejatek.common.homeAndLogin.pages.HomePageLoggedin - We click on the middle submit button
2024-03-22 00:41:26 [INFO ] szerencsejatek.lotto.tests.HatosLottoTests - We check if the Hatoslotto page is loaded
2024-03-22 00:41:27 [INFO ] szerencsejatek.lotto.pages.HatosLottoPage - We click on the 'TORLES' button
2024-03-22 00:41:30 [INFO ] szerencsejatek.lotto.pages.HatosLottoPage - We click on the 'TORLES' button
2024-03-22 00:41:30 [INFO ] szerencsejatek.lotto.tests.HatosLottoTests - We check whether the number of selected numbers is zero
2024-03-22 00:41:34 [INFO ] szerencsejatek.lotto.pages.HatosLottoPage - We click on "KOSARBA" button
2024-03-22 00:41:34 [INFO ] szerencsejatek.lotto.pages.HatosLottoPage - We click on the 'BEZARAS' button
2024-03-22 00:41:38 [INFO ] szerencsejatek.lotto.pages.HatosLottoPage - We select five numbers
2024-03-22 00:41:42 [INFO ] szerencsejatek.lotto.pages.HatosLottoPage - We click on "KOSARBA" button
2024-03-22 00:41:42 [INFO ] szerencsejatek.lotto.pages.HatosLottoPage - We click on the 'BEZARAS' button
2024-03-22 00:41:45 [INFO ] szerencsejatek.lotto.pages.HatosLottoPage - We select another number
2024-03-22 00:41:45 [INFO ] szerencsejatek.lotto.pages.HatosLottoPage - We try to select another number
2024-03-22 00:41:45 [INFO ] szerencsejatek.lotto.tests.HatosLottoTests - We check that 6 numbers are selected
2024-03-22 00:41:49 [INFO ] szerencsejatek.lotto.pages.HatosLottoPage - We click on "KOSARBA" button
2024-03-22 00:41:51 [INFO ] szerencsejatek.common.cart.pages.CartPage - We check if the cart page is loaded
2024-03-22 00:41:51 [INFO ] szerencsejatek.lotto.tests.HatosLottoTests - We check if the Cart page is loaded
2024-03-22 00:41:51 [INFO ] szerencsejatek.common.cart.pages.CartPage - We check if the cart page is loaded
2024-03-22 00:41:51 [INFO ] driverFrameworkCore.utils.ListenerLogMessages - Test PASSED: normalHatosLottoTest
2024-03-22 00:42:34 [INFO ] driverFrameworkCore.utils.ListenerLogMessages - Test STARTED: scratchTest
2024-03-22 00:42:39 [INFO ] szerencsejatek.common.homeAndLogin.pages.HomePage - We click on the "Osszes engedelyezese" button
2024-03-22 00:42:45 [INFO ] szerencsejatek.common.homeAndLogin.pages.HomePage - We click on the "Belepes es regisztracio" button
2024-03-22 00:42:45 [INFO ] szerencsejatek.common.homeAndLogin.pages.LoginPage - We fill the name input field with the 'Szabolcs888'
2024-03-22 00:42:45 [INFO ] szerencsejatek.common.homeAndLogin.pages.LoginPage - We fill the password input field with the password
2024-03-22 00:42:46 [INFO ] szerencsejatek.common.homeAndLogin.pages.LoginPage - We click on the "Bejelentkezes" button
2024-03-22 00:42:51 [INFO ] szerencsejatek.common.homeAndLogin.pages.HomePageLoggedin - We click on the "SORSJEGYEK" button
2024-03-22 00:42:54 [INFO ] szerencsejatek.common.homeAndLogin.pages.HomePageLoggedin - We click on the "E-sorsjegy" button
2024-03-22 00:42:57 [INFO ] szerencsejatek.sorsjegyek.pages.ESorsjegyekPage - We click on the "Reszletek" button of the 'Black Jack' E-lottery ticket
2024-03-22 00:43:00 [INFO ] szerencsejatek.sorsjegyek.pages.BlackJackPrePage - We click on the "PROBAJATEK INDITASA" option button
2024-03-22 00:43:00 [INFO ] szerencsejatek.sorsjegyek.pages.BlackJackPage - We click on the "key" button
2024-03-22 00:43:04 [INFO ] szerencsejatek.sorsjegyek.pages.BlackJackPage - We scroll down to the lottery ticket
2024-03-22 00:43:36 [INFO ] szerencsejatek.sorsjegyek.pages.BlackJackPage - We scratch off the main field on the lottery ticket
2024-03-22 00:43:52 [INFO ] szerencsejatek.sorsjegyek.pages.BlackJackPage - We scratch off the side field on the lottery ticket
2024-03-22 00:43:55 [INFO ] szerencsejatek.sorsjegyek.pages.BlackJackPage - We click on the "Mutasd!" button
2024-03-22 00:43:56 [INFO ] szerencsejatek.sorsjegyek.tests.ScratchTests - The message text is valid
2024-03-22 00:43:56 [INFO ] driverFrameworkCore.utils.ListenerLogMessages - Test PASSED: scratchTest
2024-03-22 00:47:20 [INFO ] driverFrameworkCore.utils.ListenerLogMessages - Test STARTED: expectedOperationOfTheOrderMenuWithoutLoginTestOnESorsjegyekPage
2024-03-22 00:47:25 [INFO ] szerencsejatek.common.homeAndLogin.pages.HomePage - We click on the "Osszes engedelyezese" button
2024-03-22 00:47:30 [INFO ] szerencsejatek.common.homeAndLogin.pages.HomePageLoggedin - We click on the "SORSJEGYEK" button
2024-03-22 00:47:37 [INFO ] szerencsejatek.common.homeAndLogin.pages.HomePageLoggedin - We click on the "E-sorsjegy" button
2024-03-22 00:47:37 [INFO ] szerencsejatek.sorsjegyek.pages.ESorsjegyekPage - We click on the "E-sorsjegyek rendezese" button
2024-03-22 00:47:37 [INFO ] szerencsejatek.sorsjegyek.pages.ESorsjegyekPage - We click on the "Fonyeremeny szerint novekvo" option button
2024-03-22 00:47:38 [INFO ] szerencsejatek.sorsjegyek.tests.DropdownMenuTests - The contents of the two lists are identical, the items are in the expected order
2024-03-22 00:47:38 [INFO ] driverFrameworkCore.utils.ListenerLogMessages - Test PASSED: expectedOperationOfTheOrderMenuWithoutLoginTestOnESorsjegyekPage
2024-03-22 01:13:19 [INFO ] driverFrameworkCore.utils.ListenerLogMessages - Test STARTED: expectedOperationOfTheOrderMenuWithoutLoginTestOnESorsjegyekPage
2024-03-22 01:13:20 [ERROR] driverFrameworkCore.utils.ListenerLogMessages - Method FAILED: expectedOperationOfTheOrderMenuWithoutLoginTestOnESorsjegyekPage
2024-03-22 01:13:34 [INFO ] driverFrameworkCore.utils.ListenerLogMessages - Test STARTED: normalHatosLottoTest
2024-03-22 01:13:39 [INFO ] szerencsejatek.common.homeAndLogin.pages.HomePage - We click on the "Osszes engedelyezese" button
2024-03-22 01:13:48 [INFO ] szerencsejatek.common.homeAndLogin.pages.HomePage - We click on the "Belepes es regisztracio" button
2024-03-22 01:13:49 [INFO ] szerencsejatek.common.homeAndLogin.pages.LoginPage - We fill the name input field with the 'Szabolcs888'
2024-03-22 01:13:49 [INFO ] szerencsejatek.common.homeAndLogin.pages.LoginPage - We fill the password input field with the password
2024-03-22 01:13:49 [INFO ] szerencsejatek.common.homeAndLogin.pages.LoginPage - We click on the "Bejelentkezes" button
2024-03-22 01:13:51 [INFO ] szerencsejatek.lotto.tests.HatosLottoTests - We check if the dropdown menu is available
2024-03-22 01:13:52 [INFO ] szerencsejatek.common.homeAndLogin.pages.HomePageLoggedin - We try to click on middle button but it is not clickable
2024-03-22 01:13:56 [INFO ] szerencsejatek.common.homeAndLogin.pages.HomePageLoggedin - We select five numbers
2024-03-22 01:13:57 [INFO ] szerencsejatek.common.homeAndLogin.pages.HomePageLoggedin - We select another number
2024-03-22 01:13:57 [INFO ] szerencsejatek.common.homeAndLogin.pages.HomePageLoggedin - We try to select another number
2024-03-22 01:14:28 [INFO ] szerencsejatek.common.homeAndLogin.pages.HomePageLoggedin - We click on the middle submit button
2024-03-22 01:14:28 [INFO ] szerencsejatek.lotto.tests.HatosLottoTests - We check if the Hatoslotto page is loaded
2024-03-22 01:14:29 [INFO ] szerencsejatek.lotto.pages.HatosLottoPage - We click on the 'TORLES' button
2024-03-22 01:14:32 [INFO ] szerencsejatek.lotto.pages.HatosLottoPage - We click on the 'TORLES' button
2024-03-22 01:14:32 [INFO ] szerencsejatek.lotto.tests.HatosLottoTests - We check whether the number of selected numbers is zero
2024-03-22 01:14:36 [INFO ] szerencsejatek.lotto.pages.HatosLottoPage - We click on "KOSARBA" button
2024-03-22 01:14:36 [INFO ] szerencsejatek.lotto.pages.HatosLottoPage - We click on the 'BEZARAS' button
2024-03-22 01:14:40 [INFO ] szerencsejatek.lotto.pages.HatosLottoPage - We select five numbers
2024-03-22 01:14:43 [INFO ] szerencsejatek.lotto.pages.HatosLottoPage - We click on "KOSARBA" button
2024-03-22 01:14:44 [INFO ] szerencsejatek.lotto.pages.HatosLottoPage - We click on the 'BEZARAS' button
2024-03-22 01:14:47 [INFO ] szerencsejatek.lotto.pages.HatosLottoPage - We select another number
2024-03-22 01:14:47 [INFO ] szerencsejatek.lotto.pages.HatosLottoPage - We try to select another number
2024-03-22 01:14:47 [INFO ] szerencsejatek.lotto.tests.HatosLottoTests - We check that 6 numbers are selected
2024-03-22 01:14:50 [INFO ] szerencsejatek.lotto.pages.HatosLottoPage - We click on "KOSARBA" button
2024-03-22 01:14:53 [INFO ] szerencsejatek.common.cart.pages.CartPage - We check if the cart page is loaded
2024-03-22 01:14:53 [INFO ] szerencsejatek.lotto.tests.HatosLottoTests - We check if the Cart page is loaded
2024-03-22 01:14:53 [INFO ] szerencsejatek.common.cart.pages.CartPage - We check if the cart page is loaded
2024-03-22 01:14:53 [INFO ] driverFrameworkCore.utils.ListenerLogMessages - Test PASSED: normalHatosLottoTest
